<?xml version="1.0" encoding="UTF-8"?>
<!-- Generated by org.testng.reporters.JUnitReportReporter -->
<testsuite hostname="DESKTOP-83KADBQ" name="test.Promotion_122_BNGN_N_Nitems_N_items_existmobilecust$Customer_Mobile_new_existingTest_Promotion_122_N_items" tests="10" failures="0" timestamp="19 Mar 2021 11:13:52 GMT" time="145.512" errors="1">
  <testcase name="barcode2_promotion122" time="16.423" classname="test.Promotion_122_BNGN_N_Nitems_N_items_existmobilecust$Customer_Mobile_new_existingTest_Promotion_122_N_items"/>
  <testcase name="barcode6_promotion122" time="5.595" classname="test.Promotion_122_BNGN_N_Nitems_N_items_existmobilecust$Customer_Mobile_new_existingTest_Promotion_122_N_items"/>
  <testcase name="Customer_Mobile_existing_login_Promotion_122_N_items" time="12.613" classname="test.Promotion_122_BNGN_N_Nitems_N_items_existmobilecust$Customer_Mobile_new_existingTest_Promotion_122_N_items"/>
  <testcase name="barcode3_promotion122" time="5.716" classname="test.Promotion_122_BNGN_N_Nitems_N_items_existmobilecust$Customer_Mobile_new_existingTest_Promotion_122_N_items"/>
  <testcase name="barcode7_promotion122" time="5.587" classname="test.Promotion_122_BNGN_N_Nitems_N_items_existmobilecust$Customer_Mobile_new_existingTest_Promotion_122_N_items"/>
  <testcase name="promotion122" time="42.255" classname="test.Promotion_122_BNGN_N_Nitems_N_items_existmobilecust$Customer_Mobile_new_existingTest_Promotion_122_N_items">
    <error type="org.openqa.selenium.ElementNotInteractableException" message="element not interactable
  (Session info: chrome=89.0.4389.82)
Build info: version: &#039;3.141.59&#039;, revision: &#039;e82be7d358&#039;, time: &#039;2018-11-14T08:17:03&#039;
System info: host: &#039;DESKTOP-83KADBQ&#039;, ip: &#039;192.168.3.149&#039;, os.name: &#039;Windows 10&#039;, os.arch: &#039;amd64&#039;, os.version: &#039;10.0&#039;, java.version: &#039;1.8.0_271&#039;
Driver info: org.openqa.selenium.chrome.ChromeDriver
Capabilities {acceptInsecureCerts: false, browserName: chrome, browserVersion: 89.0.4389.82, chrome: {chromedriverVersion: 89.0.4389.23 (61b08ee2c5002..., userDataDir: C:\Users\ADMINI~1\AppData\L...}, goog:chromeOptions: {debuggerAddress: localhost:63724}, javascriptEnabled: true, networkConnectionEnabled: false, pageLoadStrategy: normal, platform: WINDOWS, platformName: WINDOWS, proxy: Proxy(), setWindowRect: true, strictFileInteractability: false, timeouts: {implicit: 0, pageLoad: 300000, script: 30000}, unhandledPromptBehavior: dismiss and notify, webauthn:extension:largeBlob: true, webauthn:virtualAuthenticators: true}
Session ID: 45f934db2ade1bc6118598e59c5e99d2">
      <![CDATA[org.openqa.selenium.ElementNotInteractableException: element not interactable
  (Session info: chrome=89.0.4389.82)
Build info: version: '3.141.59', revision: 'e82be7d358', time: '2018-11-14T08:17:03'
System info: host: 'DESKTOP-83KADBQ', ip: '192.168.3.149', os.name: 'Windows 10', os.arch: 'amd64', os.version: '10.0', java.version: '1.8.0_271'
Driver info: org.openqa.selenium.chrome.ChromeDriver
Capabilities {acceptInsecureCerts: false, browserName: chrome, browserVersion: 89.0.4389.82, chrome: {chromedriverVersion: 89.0.4389.23 (61b08ee2c5002..., userDataDir: C:\Users\ADMINI~1\AppData\L...}, goog:chromeOptions: {debuggerAddress: localhost:63724}, javascriptEnabled: true, networkConnectionEnabled: false, pageLoadStrategy: normal, platform: WINDOWS, platformName: WINDOWS, proxy: Proxy(), setWindowRect: true, strictFileInteractability: false, timeouts: {implicit: 0, pageLoad: 300000, script: 30000}, unhandledPromptBehavior: dismiss and notify, webauthn:extension:largeBlob: true, webauthn:virtualAuthenticators: true}
Session ID: 45f934db2ade1bc6118598e59c5e99d2
	at sun.reflect.NativeConstructorAccessorImpl.newInstance0(Native Method)
	at sun.reflect.NativeConstructorAccessorImpl.newInstance(NativeConstructorAccessorImpl.java:62)
	at sun.reflect.DelegatingConstructorAccessorImpl.newInstance(DelegatingConstructorAccessorImpl.java:45)
	at java.lang.reflect.Constructor.newInstance(Constructor.java:423)
	at org.openqa.selenium.remote.http.W3CHttpResponseCodec.createException(W3CHttpResponseCodec.java:187)
	at org.openqa.selenium.remote.http.W3CHttpResponseCodec.decode(W3CHttpResponseCodec.java:122)
	at org.openqa.selenium.remote.http.W3CHttpResponseCodec.decode(W3CHttpResponseCodec.java:49)
	at org.openqa.selenium.remote.HttpCommandExecutor.execute(HttpCommandExecutor.java:158)
	at org.openqa.selenium.remote.service.DriverCommandExecutor.execute(DriverCommandExecutor.java:83)
	at org.openqa.selenium.remote.RemoteWebDriver.execute(RemoteWebDriver.java:552)
	at org.openqa.selenium.remote.RemoteWebElement.execute(RemoteWebElement.java:285)
	at org.openqa.selenium.remote.RemoteWebElement.click(RemoteWebElement.java:84)
	at test.Promotion_122_BNGN_N_Nitems_N_items_existmobilecust$Customer_Mobile_new_existingTest_Promotion_122_N_items.promotion122(Promotion_122_BNGN_N_Nitems_N_items_existmobilecust.java:422)
	at sun.reflect.NativeMethodAccessorImpl.invoke0(Native Method)
	at sun.reflect.NativeMethodAccessorImpl.invoke(NativeMethodAccessorImpl.java:62)
	at sun.reflect.DelegatingMethodAccessorImpl.invoke(DelegatingMethodAccessorImpl.java:43)
	at java.lang.reflect.Method.invoke(Method.java:498)
	at org.testng.internal.MethodInvocationHelper.invokeMethod(MethodInvocationHelper.java:86)
	at org.testng.internal.Invoker.invokeMethod(Invoker.java:643)
	at org.testng.internal.Invoker.invokeTestMethod(Invoker.java:820)
	at org.testng.internal.Invoker.invokeTestMethods(Invoker.java:1128)
	at org.testng.internal.TestMethodWorker.invokeTestMethods(TestMethodWorker.java:129)
	at org.testng.internal.TestMethodWorker.run(TestMethodWorker.java:112)
	at org.testng.TestRunner.privateRun(TestRunner.java:782)
	at org.testng.TestRunner.run(TestRunner.java:632)
	at org.testng.SuiteRunner.runTest(SuiteRunner.java:366)
	at org.testng.SuiteRunner.runSequentially(SuiteRunner.java:361)
	at org.testng.SuiteRunner.privateRun(SuiteRunner.java:319)
	at org.testng.SuiteRunner.run(SuiteRunner.java:268)
	at org.testng.SuiteRunnerWorker.runSuite(SuiteRunnerWorker.java:52)
	at org.testng.SuiteRunnerWorker.run(SuiteRunnerWorker.java:86)
	at org.testng.TestNG.runSuitesSequentially(TestNG.java:1244)
	at org.testng.TestNG.runSuitesLocally(TestNG.java:1169)
	at org.testng.TestNG.run(TestNG.java:1064)
	at org.testng.remote.AbstractRemoteTestNG.run(AbstractRemoteTestNG.java:115)
	at org.testng.remote.RemoteTestNG.initAndRun(RemoteTestNG.java:251)
	at org.testng.remote.RemoteTestNG.main(RemoteTestNG.java:77)
]]>
    </error>
  </testcase> <!-- promotion122 -->
  <testcase name="promotion122_Discount" time="19.509" classname="test.Promotion_122_BNGN_N_Nitems_N_items_existmobilecust$Customer_Mobile_new_existingTest_Promotion_122_N_items"/>
  <testcase name="barcode1_promotion122" time="26.484" classname="test.Promotion_122_BNGN_N_Nitems_N_items_existmobilecust$Customer_Mobile_new_existingTest_Promotion_122_N_items"/>
  <testcase name="barcode4_promotion122" time="5.704" classname="test.Promotion_122_BNGN_N_Nitems_N_items_existmobilecust$Customer_Mobile_new_existingTest_Promotion_122_N_items"/>
  <testcase name="barcode5_promotion122" time="5.626" classname="test.Promotion_122_BNGN_N_Nitems_N_items_existmobilecust$Customer_Mobile_new_existingTest_Promotion_122_N_items"/>
</testsuite> <!-- test.Promotion_122_BNGN_N_Nitems_N_items_existmobilecust$Customer_Mobile_new_existingTest_Promotion_122_N_items -->
